<?xml version="1.0" encoding="UTF-8"?>
<!-- Generated by org.testng.reporters.JUnitReportReporter -->
<testsuite hostname="DESKTOP-IOL8RVN" failures="0" tests="1" name="Microtesting.OrangeHRM.Connexion" time="6.186" errors="0" timestamp="2020-07-23T23:17:45 CEST" skipped="0">
  <testcase classname="Microtesting.OrangeHRM.Connexion" name="testConnexion" time="6.186"/>
  <system-out/>
</testsuite> <!-- Microtesting.OrangeHRM.Connexion -->
